<?xml version="1.0" encoding="UTF-8"?>
<!-- Generated by org.testng.reporters.JUnitReportReporter -->
<testsuite hostname="DESKTOP-CMJCERN" failures="0" tests="1" name="tests.TestOpenNewAccount" time="8.446" errors="0" timestamp="2024-07-17T22:37:43 EET" skipped="0">
  <testcase classname="tests.TestOpenNewAccount" name="OpenNewAccount" time="8.446"/>
  <system-out/>
</testsuite> <!-- tests.TestOpenNewAccount -->
