<?xml version="1.0" encoding="UTF-8"?>
<!-- Generated by org.testng.reporters.JUnitReportReporter -->
<testsuite hostname="DESKTOP-CMJCERN" failures="0" tests="1" name="tests.TestCreateCustomer" time="9.830" errors="0" timestamp="2024-07-17T22:37:43 EET" skipped="0">
  <testcase classname="tests.TestCreateCustomer" name="CreateCustomer" time="9.830"/>
  <system-out/>
</testsuite> <!-- tests.TestCreateCustomer -->
