<?xml version="1.0" encoding="UTF-8"?>
<!-- Generated by org.testng.reporters.JUnitReportReporter -->
<testsuite hostname="DESKTOP-CMJCERN" failures="0" tests="1" name="tests.TestCreateNewTransaction" time="8.556" errors="0" timestamp="2024-07-17T22:37:43 EET" skipped="0">
  <testcase classname="tests.TestCreateNewTransaction" name="TestCreateTransaction" time="8.556"/>
  <system-out/>
</testsuite> <!-- tests.TestCreateNewTransaction -->
