<?xml version="1.0" encoding="UTF-8"?>
<!-- Generated by org.testng.reporters.JUnitReportReporter -->
<testsuite hostname="DESKTOP-CMJCERN" failures="0" tests="2" name="tests.TestSearchAndDeleteExistingCustomer" time="6.488" errors="0" timestamp="2024-07-17T22:37:43 EET" skipped="0">
  <testcase classname="tests.TestSearchAndDeleteExistingCustomer" name="SearchForCustomer" time="1.387"/>
  <system-out/>
  <testcase classname="tests.TestSearchAndDeleteExistingCustomer" name="TestDeleteCustomer" time="5.101"/>
  <system-out/>
</testsuite> <!-- tests.TestSearchAndDeleteExistingCustomer -->
