<?xml version="1.0" encoding="UTF-8"?>
<!-- Generated by org.testng.reporters.JUnitReportReporter -->
<testsuite hostname="DESKTOP-CMJCERN" failures="0" tests="2" name="tests.TestSortByPostalCode" time="1.709" errors="0" timestamp="2024-07-17T22:37:43 EET" skipped="0">
  <testcase classname="tests.TestSortByPostalCode" name="SortDescendingByPostalCode" time="1.620"/>
  <system-out/>
  <testcase classname="tests.TestSortByPostalCode" name="SortAscendingByPostalCode" time="0.089"/>
  <system-out/>
</testsuite> <!-- tests.TestSortByPostalCode -->
